<?xml version="1.0" encoding="UTF-8"?>
<!DOCTYPE report PUBLIC "-//JACOCO//DTD Report 1.1//EN" "report.dtd">
<report name="demo">
   <sessioninfo id="fv-az637-402-5a6d6f15" start="1691419384728" dump="1691419389107" />
   <package name="com/springtest/demo">
      <class name="com/springtest/demo/DemoApplication" sourcefilename="DemoApplication.java">
         <method name="&lt;init&gt;" desc="()V" line="7">
            <counter type="INSTRUCTION" missed="0" covered="3" />
            <counter type="LINE" missed="0" covered="1" />
            <counter type="COMPLEXITY" missed="0" covered="1" />
            <counter type="METHOD" missed="0" covered="1" />
         </method>
         <method name="main" desc="([Ljava/lang/String;)V" line="10">
            <counter type="INSTRUCTION" missed="5" covered="0" />
            <counter type="LINE" missed="2" covered="0" />
            <counter type="COMPLEXITY" missed="1" covered="0" />
            <counter type="METHOD" missed="1" covered="0" />
         </method>
         <counter type="INSTRUCTION" missed="5" covered="3" />
         <counter type="LINE" missed="2" covered="1" />
         <counter type="COMPLEXITY" missed="1" covered="1" />
         <counter type="METHOD" missed="1" covered="1" />
         <counter type="CLASS" missed="0" covered="1" />
      </class>
      <class name="com/springtest/demo/ServletInitializer" sourcefilename="ServletInitializer.java">
         <method name="&lt;init&gt;" desc="()V" line="6">
            <counter type="INSTRUCTION" missed="3" covered="0" />
            <counter type="LINE" missed="1" covered="0" />
            <counter type="COMPLEXITY" missed="1" covered="0" />
            <counter type="METHOD" missed="1" covered="0" />
         </method>
         <method name="configure" desc="(Lorg/springframework/boot/builder/SpringApplicationBuilder;)Lorg/springframework/boot/builder/SpringApplicationBuilder;" line="10">
            <counter type="INSTRUCTION" missed="9" covered="0" />
            <counter type="LINE" missed="1" covered="0" />
            <counter type="COMPLEXITY" missed="1" covered="0" />
            <counter type="METHOD" missed="1" covered="0" />
         </method>
         <counter type="INSTRUCTION" missed="12" covered="0" />
         <counter type="LINE" missed="2" covered="0" />
         <counter type="COMPLEXITY" missed="2" covered="0" />
         <counter type="METHOD" missed="2" covered="0" />
         <counter type="CLASS" missed="1" covered="0" />
      </class>
      <sourcefile name="ServletInitializer.java">
         <line nr="6" mi="3" ci="0" mb="0" cb="0" />
         <line nr="10" mi="9" ci="0" mb="0" cb="0" />
         <counter type="INSTRUCTION" missed="12" covered="0" />
         <counter type="LINE" missed="2" covered="0" />
         <counter type="COMPLEXITY" missed="2" covered="0" />
         <counter type="METHOD" missed="2" covered="0" />
         <counter type="CLASS" missed="1" covered="0" />
      </sourcefile>
      <sourcefile name="DemoApplication.java">
         <line nr="7" mi="0" ci="3" mb="0" cb="0" />
         <line nr="10" mi="4" ci="0" mb="0" cb="0" />
         <line nr="11" mi="1" ci="0" mb="0" cb="0" />
         <counter type="INSTRUCTION" missed="5" covered="3" />
         <counter type="LINE" missed="2" covered="1" />
         <counter type="COMPLEXITY" missed="1" covered="1" />
         <counter type="METHOD" missed="1" covered="1" />
         <counter type="CLASS" missed="0" covered="1" />
      </sourcefile>
      <counter type="INSTRUCTION" missed="17" covered="3" />
      <counter type="LINE" missed="4" covered="1" />
      <counter type="COMPLEXITY" missed="3" covered="1" />
      <counter type="METHOD" missed="3" covered="1" />
      <counter type="CLASS" missed="1" covered="1" />
   </package>
   <counter type="INSTRUCTION" missed="17" covered="3" />
   <counter type="LINE" missed="4" covered="1" />
   <counter type="COMPLEXITY" missed="3" covered="1" />
   <counter type="METHOD" missed="3" covered="1" />
   <counter type="CLASS" missed="1" covered="1" />
</report>